2024-11-08 00:45:26.735982 [info]: ========== Server init ==========
2024-11-08 00:45:26.735987 [info]: Port: 8080, OpenLinger: false
2024-11-08 00:45:26.735989 [info]: Listen Mode: ET, OpenConn Mode: ET
2024-11-08 00:45:26.735990 [info]: LogSys level: 0
2024-11-08 00:45:26.735991 [info]: srcDir: /home/xiaqy/myWebServer/resources/
2024-11-08 00:45:26.735993 [info]: SqlConnPool num: 12, ThreadPool num: 6
2024-11-08 00:45:26.735994 [info]: ========== Server start ==========
2024-11-08 00:45:31.228835 [info]: Client[18](127.0.0.1:54455) in, userCount:1
2024-11-08 00:45:31.229067 [info]: Client[18] in!
2024-11-08 00:45:31.235839 [debug]: [GET], [/index.html], [1.1]
2024-11-08 00:45:31.235967 [debug]: /index.html
2024-11-08 00:45:31.236102 [debug]: file path /home/xiaqy/myWebServer/resources//index.html
2024-11-08 00:45:31.236276 [debug]: filesize:3148, 2 to 3270
2024-11-08 00:45:31.245717 [debug]: [GET], [/css/bootstrap.min.css], [1.1]
2024-11-08 00:45:31.245886 [debug]: /css/bootstrap.min.css
2024-11-08 00:45:31.245998 [debug]: file path /home/xiaqy/myWebServer/resources//css/bootstrap.min.css
2024-11-08 00:45:31.246362 [debug]: filesize:121260, 2 to 121383
2024-11-08 00:45:31.257330 [debug]: [GET], [/js/bootstrap.min.js], [1.1]
2024-11-08 00:45:31.257410 [debug]: /js/bootstrap.min.js
2024-11-08 00:45:31.257484 [debug]: file path /home/xiaqy/myWebServer/resources//js/bootstrap.min.js
2024-11-08 00:45:31.257618 [debug]: filesize:36868, 2 to 36997
2024-11-08 00:45:31.257668 [info]: Client[21](127.0.0.1:56503) in, userCount:2
2024-11-08 00:45:31.257692 [info]: Client[21] in!
2024-11-08 00:45:31.257709 [info]: Client[23](127.0.0.1:60087) in, userCount:3
2024-11-08 00:45:31.257726 [info]: Client[23] in!
2024-11-08 00:45:31.261116 [debug]: [GET], [/css/animate.css], [1.1]
2024-11-08 00:45:31.261188 [debug]: /css/animate.css
2024-11-08 00:45:31.261304 [debug]: file path /home/xiaqy/myWebServer/resources//css/animate.css
2024-11-08 00:45:31.261549 [debug]: filesize:72922, 2 to 73044
2024-11-08 00:45:31.264700 [debug]: [GET], [/css/magnific-popup.css], [1.1]
2024-11-08 00:45:31.264735 [debug]: /css/magnific-popup.css
2024-11-08 00:45:31.264773 [debug]: file path /home/xiaqy/myWebServer/resources//css/magnific-popup.css
2024-11-08 00:45:31.264830 [debug]: filesize:6951, 2 to 7072
2024-11-08 00:45:31.264877 [info]: Client[24](127.0.0.1:60599) in, userCount:4
2024-11-08 00:45:31.264905 [info]: Client[24] in!
2024-11-08 00:45:31.264925 [info]: Client[25](127.0.0.1:62135) in, userCount:5
2024-11-08 00:45:31.264944 [info]: Client[25] in!
2024-11-08 00:45:31.264962 [info]: Client[26](127.0.0.1:65207) in, userCount:6
2024-11-08 00:45:31.264980 [info]: Client[26] in!
2024-11-08 00:45:31.268047 [debug]: [GET], [/js/smoothscroll.js], [1.1]
2024-11-08 00:45:31.268077 [debug]: /js/smoothscroll.js
2024-11-08 00:45:31.268120 [debug]: file path /home/xiaqy/myWebServer/resources//js/smoothscroll.js
2024-11-08 00:45:31.268159 [debug]: filesize:4474, 2 to 4602
2024-11-08 00:45:31.270436 [debug]: [GET], [/js/jquery.js], [1.1]
2024-11-08 00:45:31.270450 [debug]: /js/jquery.js
2024-11-08 00:45:31.270468 [debug]: file path /home/xiaqy/myWebServer/resources//js/jquery.js
2024-11-08 00:45:31.270540 [debug]: filesize:85658, 2 to 85787
2024-11-08 00:45:31.273510 [debug]: [GET], [/css/style.css], [1.1]
2024-11-08 00:45:31.273530 [debug]: /css/style.css
2024-11-08 00:45:31.273557 [debug]: file path /home/xiaqy/myWebServer/resources//css/style.css
2024-11-08 00:45:31.273592 [debug]: filesize:9807, 2 to 9928
2024-11-08 00:45:31.276095 [debug]: [GET], [/css/font-awesome.min.css], [1.1]
2024-11-08 00:45:31.276118 [debug]: /css/font-awesome.min.css
2024-11-08 00:45:31.276140 [debug]: file path /home/xiaqy/myWebServer/resources//css/font-awesome.min.css
2024-11-08 00:45:31.276190 [debug]: filesize:27392, 2 to 27514
2024-11-08 00:45:31.314709 [debug]: [GET], [/js/jquery.magnific-popup.min.js], [1.1]
2024-11-08 00:45:31.314746 [debug]: /js/jquery.magnific-popup.min.js
2024-11-08 00:45:31.314779 [debug]: file path /home/xiaqy/myWebServer/resources//js/jquery.magnific-popup.min.js
2024-11-08 00:45:31.314846 [debug]: filesize:20932, 2 to 21061
2024-11-08 00:45:31.316526 [debug]: [GET], [/js/magnific-popup-options.js], [1.1]
2024-11-08 00:45:31.316541 [debug]: /js/magnific-popup-options.js
2024-11-08 00:45:31.316555 [debug]: file path /home/xiaqy/myWebServer/resources//js/magnific-popup-options.js
2024-11-08 00:45:31.316577 [debug]: filesize:1069, 2 to 1197
2024-11-08 00:45:31.318198 [debug]: [GET], [/js/custom.js], [1.1]
2024-11-08 00:45:31.318211 [debug]: /js/custom.js
2024-11-08 00:45:31.318229 [debug]: file path /home/xiaqy/myWebServer/resources//js/custom.js
2024-11-08 00:45:31.318252 [debug]: filesize:1047, 2 to 1175
2024-11-08 00:45:31.319888 [debug]: [GET], [/js/wow.min.js], [1.1]
2024-11-08 00:45:31.319900 [debug]: /js/wow.min.js
2024-11-08 00:45:31.319911 [debug]: file path /home/xiaqy/myWebServer/resources//js/wow.min.js
2024-11-08 00:45:31.319933 [debug]: filesize:7082, 2 to 7210
2024-11-08 00:45:31.362609 [debug]: [GET], [/images/profile-image.jpg], [1.1]
2024-11-08 00:45:31.362732 [debug]: /images/profile-image.jpg
2024-11-08 00:45:31.362824 [debug]: file path /home/xiaqy/myWebServer/resources//images/profile-image.jpg
2024-11-08 00:45:31.362984 [debug]: filesize:47176, 2 to 47300
2024-11-08 00:45:32.524765 [debug]: [GET], [/picture.html], [1.1]
2024-11-08 00:45:32.524995 [debug]: /picture.html
2024-11-08 00:45:32.525126 [debug]: file path /home/xiaqy/myWebServer/resources//picture.html
2024-11-08 00:45:32.525281 [debug]: filesize:3960, 2 to 4082
2024-11-08 00:45:32.536826 [debug]: [GET], [/css/animate.css], [1.1]
2024-11-08 00:45:32.537070 [debug]: /css/animate.css
2024-11-08 00:45:32.537217 [debug]: file path /home/xiaqy/myWebServer/resources//css/animate.css
2024-11-08 00:45:32.537286 [debug]: filesize:72922, 2 to 73044
2024-11-08 00:45:32.542529 [debug]: [GET], [/css/bootstrap.min.css], [1.1]
2024-11-08 00:45:32.542565 [debug]: /css/bootstrap.min.css
2024-11-08 00:45:32.542604 [debug]: file path /home/xiaqy/myWebServer/resources//css/bootstrap.min.css
2024-11-08 00:45:32.542629 [debug]: filesize:121260, 2 to 121383
2024-11-08 00:45:32.546340 [debug]: [GET], [/css/magnific-popup.css], [1.1]
2024-11-08 00:45:32.546458 [debug]: /css/magnific-popup.css
2024-11-08 00:45:32.546528 [debug]: file path /home/xiaqy/myWebServer/resources//css/magnific-popup.css
2024-11-08 00:45:32.546558 [debug]: filesize:6951, 2 to 7072
2024-11-08 00:45:32.550419 [debug]: [GET], [/css/font-awesome.min.css], [1.1]
2024-11-08 00:45:32.550449 [debug]: /css/font-awesome.min.css
2024-11-08 00:45:32.550497 [debug]: file path /home/xiaqy/myWebServer/resources//css/font-awesome.min.css
2024-11-08 00:45:32.550521 [debug]: filesize:27392, 2 to 27514
2024-11-08 00:45:32.553906 [debug]: [GET], [/css/style.css], [1.1]
2024-11-08 00:45:32.553926 [debug]: /css/style.css
2024-11-08 00:45:32.553963 [debug]: file path /home/xiaqy/myWebServer/resources//css/style.css
2024-11-08 00:45:32.553983 [debug]: filesize:9807, 2 to 9928
2024-11-08 00:45:32.556856 [debug]: [GET], [/js/jquery.js], [1.1]
2024-11-08 00:45:32.556936 [debug]: /js/jquery.js
2024-11-08 00:45:32.556983 [debug]: file path /home/xiaqy/myWebServer/resources//js/jquery.js
2024-11-08 00:45:32.557010 [debug]: filesize:85658, 2 to 85787
2024-11-08 00:45:32.565245 [debug]: [GET], [/js/bootstrap.min.js], [1.1]
2024-11-08 00:45:32.565357 [debug]: /js/bootstrap.min.js
2024-11-08 00:45:32.565415 [debug]: file path /home/xiaqy/myWebServer/resources//js/bootstrap.min.js
2024-11-08 00:45:32.565442 [debug]: filesize:36868, 2 to 36997
2024-11-08 00:45:32.567311 [debug]: [GET], [/js/wow.min.js], [1.1]
2024-11-08 00:45:32.567325 [debug]: /js/wow.min.js
2024-11-08 00:45:32.567343 [debug]: file path /home/xiaqy/myWebServer/resources//js/wow.min.js
2024-11-08 00:45:32.567355 [debug]: filesize:7082, 2 to 7210
2024-11-08 00:45:32.569091 [debug]: [GET], [/js/smoothscroll.js], [1.1]
2024-11-08 00:45:32.569101 [debug]: /js/smoothscroll.js
2024-11-08 00:45:32.569113 [debug]: file path /home/xiaqy/myWebServer/resources//js/smoothscroll.js
2024-11-08 00:45:32.569123 [debug]: filesize:4474, 2 to 4602
2024-11-08 00:45:32.570753 [debug]: [GET], [/js/jquery.magnific-popup.min.js], [1.1]
2024-11-08 00:45:32.570777 [debug]: /js/jquery.magnific-popup.min.js
2024-11-08 00:45:32.570792 [debug]: file path /home/xiaqy/myWebServer/resources//js/jquery.magnific-popup.min.js
2024-11-08 00:45:32.570798 [debug]: filesize:20932, 2 to 21061
2024-11-08 00:45:32.572416 [debug]: [GET], [/js/magnific-popup-options.js], [1.1]
2024-11-08 00:45:32.572429 [debug]: /js/magnific-popup-options.js
2024-11-08 00:45:32.572441 [debug]: file path /home/xiaqy/myWebServer/resources//js/magnific-popup-options.js
2024-11-08 00:45:32.572455 [debug]: filesize:1069, 2 to 1197
2024-11-08 00:45:32.574075 [debug]: [GET], [/js/custom.js], [1.1]
2024-11-08 00:45:32.574084 [debug]: /js/custom.js
2024-11-08 00:45:32.574097 [debug]: file path /home/xiaqy/myWebServer/resources//js/custom.js
2024-11-08 00:45:32.574103 [debug]: filesize:1047, 2 to 1175
2024-11-08 00:45:32.621682 [debug]: [GET], [/images/profile-image.jpg], [1.1]
2024-11-08 00:45:32.621837 [debug]: /images/profile-image.jpg
2024-11-08 00:45:32.621904 [debug]: file path /home/xiaqy/myWebServer/resources//images/profile-image.jpg
2024-11-08 00:45:32.621938 [debug]: filesize:47176, 2 to 47300
2024-11-08 00:45:32.625128 [debug]: [GET], [/images/instagram-image1.jpg], [1.1]
2024-11-08 00:45:32.625177 [debug]: /images/instagram-image1.jpg
2024-11-08 00:45:32.625219 [debug]: file path /home/xiaqy/myWebServer/resources//images/instagram-image1.jpg
2024-11-08 00:45:32.625406 [debug]: filesize:75836, 2 to 75960
2024-11-08 00:45:32.637801 [debug]: [GET], [/images/instagram-image2.jpg], [1.1]
2024-11-08 00:45:32.637836 [debug]: /images/instagram-image2.jpg
2024-11-08 00:45:32.637870 [debug]: file path /home/xiaqy/myWebServer/resources//images/instagram-image2.jpg
2024-11-08 00:45:32.638002 [debug]: filesize:67313, 2 to 67437
2024-11-08 00:45:32.640661 [debug]: [GET], [/images/instagram-image3.jpg], [1.1]
2024-11-08 00:45:32.640680 [debug]: /images/instagram-image3.jpg
2024-11-08 00:45:32.640699 [debug]: file path /home/xiaqy/myWebServer/resources//images/instagram-image3.jpg
2024-11-08 00:45:32.640781 [debug]: filesize:59528, 2 to 59652
2024-11-08 00:45:32.648486 [debug]: [GET], [/images/instagram-image4.jpg], [1.1]
2024-11-08 00:45:32.648521 [debug]: /images/instagram-image4.jpg
2024-11-08 00:45:32.648602 [debug]: file path /home/xiaqy/myWebServer/resources//images/instagram-image4.jpg
2024-11-08 00:45:32.648747 [debug]: filesize:103418, 2 to 103543
2024-11-08 00:45:32.654920 [debug]: [GET], [/images/instagram-image5.jpg], [1.1]
2024-11-08 00:45:32.654958 [debug]: /images/instagram-image5.jpg
2024-11-08 00:45:32.654985 [debug]: file path /home/xiaqy/myWebServer/resources//images/instagram-image5.jpg
2024-11-08 00:45:32.655070 [debug]: filesize:49545, 2 to 49669
2024-11-08 00:45:35.817807 [debug]: [GET], [/video.html], [1.1]
2024-11-08 00:45:35.818237 [debug]: /video.html
2024-11-08 00:45:35.818406 [debug]: file path /home/xiaqy/myWebServer/resources//video.html
2024-11-08 00:45:35.818628 [debug]: filesize:3347, 2 to 3469
2024-11-08 00:45:35.831832 [debug]: [GET], [/css/bootstrap.min.css], [1.1]
2024-11-08 00:45:35.831930 [debug]: /css/bootstrap.min.css
2024-11-08 00:45:35.832006 [debug]: file path /home/xiaqy/myWebServer/resources//css/bootstrap.min.css
2024-11-08 00:45:35.832035 [debug]: filesize:121260, 2 to 121383
2024-11-08 00:45:35.835826 [debug]: [GET], [/css/magnific-popup.css], [1.1]
2024-11-08 00:45:35.836010 [debug]: /css/magnific-popup.css
2024-11-08 00:45:35.836135 [debug]: file path /home/xiaqy/myWebServer/resources//css/magnific-popup.css
2024-11-08 00:45:35.836194 [debug]: filesize:6951, 2 to 7072
2024-11-08 00:45:35.839207 [debug]: [GET], [/css/animate.css], [1.1]
2024-11-08 00:45:35.839229 [debug]: /css/animate.css
2024-11-08 00:45:35.839262 [debug]: file path /home/xiaqy/myWebServer/resources//css/animate.css
2024-11-08 00:45:35.839288 [debug]: filesize:72922, 2 to 73044
2024-11-08 00:45:35.842885 [debug]: [GET], [/css/font-awesome.min.css], [1.1]
2024-11-08 00:45:35.842927 [debug]: /css/font-awesome.min.css
2024-11-08 00:45:35.842981 [debug]: file path /home/xiaqy/myWebServer/resources//css/font-awesome.min.css
2024-11-08 00:45:35.842995 [debug]: filesize:27392, 2 to 27514
2024-11-08 00:45:35.846462 [debug]: [GET], [/css/style.css], [1.1]
2024-11-08 00:45:35.846536 [debug]: /css/style.css
2024-11-08 00:45:35.846607 [debug]: file path /home/xiaqy/myWebServer/resources//css/style.css
2024-11-08 00:45:35.846630 [debug]: filesize:9807, 2 to 9928
2024-11-08 00:45:35.852232 [debug]: [GET], [/js/jquery.js], [1.1]
2024-11-08 00:45:35.852380 [debug]: /js/jquery.js
2024-11-08 00:45:35.852440 [debug]: file path /home/xiaqy/myWebServer/resources//js/jquery.js
2024-11-08 00:45:35.852489 [debug]: filesize:85658, 2 to 85787
2024-11-08 00:45:35.854043 [debug]: [GET], [/js/bootstrap.min.js], [1.1]
2024-11-08 00:45:35.854060 [debug]: /js/bootstrap.min.js
2024-11-08 00:45:35.854080 [debug]: file path /home/xiaqy/myWebServer/resources//js/bootstrap.min.js
2024-11-08 00:45:35.854097 [debug]: filesize:36868, 2 to 36997
2024-11-08 00:45:35.855592 [debug]: [GET], [/js/smoothscroll.js], [1.1]
2024-11-08 00:45:35.855602 [debug]: /js/smoothscroll.js
2024-11-08 00:45:35.855613 [debug]: file path /home/xiaqy/myWebServer/resources//js/smoothscroll.js
2024-11-08 00:45:35.855624 [debug]: filesize:4474, 2 to 4602
2024-11-08 00:45:35.857104 [debug]: [GET], [/js/jquery.magnific-popup.min.js], [1.1]
2024-11-08 00:45:35.857125 [debug]: /js/jquery.magnific-popup.min.js
2024-11-08 00:45:35.857147 [debug]: file path /home/xiaqy/myWebServer/resources//js/jquery.magnific-popup.min.js
2024-11-08 00:45:35.857155 [debug]: filesize:20932, 2 to 21061
2024-11-08 00:45:35.858563 [debug]: [GET], [/js/magnific-popup-options.js], [1.1]
2024-11-08 00:45:35.858574 [debug]: /js/magnific-popup-options.js
2024-11-08 00:45:35.858590 [debug]: file path /home/xiaqy/myWebServer/resources//js/magnific-popup-options.js
2024-11-08 00:45:35.858600 [debug]: filesize:1069, 2 to 1197
2024-11-08 00:45:35.860010 [debug]: [GET], [/js/wow.min.js], [1.1]
2024-11-08 00:45:35.860018 [debug]: /js/wow.min.js
2024-11-08 00:45:35.860028 [debug]: file path /home/xiaqy/myWebServer/resources//js/wow.min.js
2024-11-08 00:45:35.860034 [debug]: filesize:7082, 2 to 7210
2024-11-08 00:45:35.908709 [debug]: [GET], [/js/custom.js], [1.1]
2024-11-08 00:45:35.908899 [debug]: /js/custom.js
2024-11-08 00:45:35.908971 [debug]: file path /home/xiaqy/myWebServer/resources//js/custom.js
2024-11-08 00:45:35.909004 [debug]: filesize:1047, 2 to 1175
2024-11-08 00:45:35.912636 [debug]: [GET], [/video/xxx.mp4], [1.1]
2024-11-08 00:45:35.912701 [debug]: /video/xxx.mp4
2024-11-08 00:45:35.912759 [debug]: file path /home/xiaqy/myWebServer/resources//video/xxx.mp4
2024-11-08 00:45:35.915537 [debug]: filesize:39667571, 2 to 39667698
2024-11-08 00:45:36.020301 [debug]: [GET], [/images/profile-image.jpg], [1.1]
